<?xml version="1.0" encoding="UTF-8"?>
<!-- Generated by org.testng.reporters.JUnitReportReporter -->
<testsuite hostname="ANUJA" failures="0" tests="1" name="apiChaining.Runnerclass" time="7.939" errors="0" timestamp="17 Jun 2022 09:50:33 GMT" skipped="0">
  <testcase classname="apiChaining.Runnerclass" name="RunnerMethod" time="7.939"/>
</testsuite> <!-- apiChaining.Runnerclass -->
