<?xml version="1.0" encoding="UTF-8"?>
<!-- Generated by org.testng.reporters.JUnitReportReporter -->
<testsuite skipped="0" hostname="ANUJA" name="apiChaining.Runnerclass" tests="1" failures="0" timestamp="17 Jun 2022 09:51:59 GMT" time="6.347" errors="0">
  <testcase name="RunnerMethod" time="6.347" classname="apiChaining.Runnerclass"/>
</testsuite> <!-- apiChaining.Runnerclass -->
